<?xml version="1.0" encoding="UTF-8"?>
<testng-results total="1" passed="1" failed="0" skipped="0">
  <reporter-output>
  </reporter-output>
  <suite started-at="2022-01-02T09:08:59Z" name="Default suite" finished-at="2022-01-02T09:09:15Z" duration-ms="16247">
    <groups>
    </groups>
    <test started-at="2022-01-02T09:08:59Z" name="Default test" finished-at="2022-01-02T09:09:15Z" duration-ms="16247">
      <class name="GitTestForGenkins.LaunchingBrowser">
        <test-method signature="launchbrowser()[pri:0, instance:GitTestForGenkins.LaunchingBrowser@6bca7e0d]" started-at="2022-01-02T14:38:59Z" name="launchbrowser" finished-at="2022-01-02T14:39:15Z" duration-ms="16212" status="PASS">
          <reporter-output>
          </reporter-output>
        </test-method> <!-- launchbrowser -->
      </class> <!-- GitTestForGenkins.LaunchingBrowser -->
    </test> <!-- Default test -->
  </suite> <!-- Default suite -->
</testng-results>
